{"/mnt/c/Users/D1/Estudo/2041-nodedeploy/petshop/api/erros/CampoInvalido.js": {"path":"/mnt/c/Users/D1/Estudo/2041-nodedeploy/petshop/api/erros/CampoInvalido.js","all":false,"statementMap":{"0":{"start":{"line":1,"column":0},"end":{"line":1,"column":35}},"1":{"start":{"line":2,"column":0},"end":{"line":2,"column":23}},"2":{"start":{"line":3,"column":0},"end":{"line":3,"column":55}},"3":{"start":{"line":4,"column":0},"end":{"line":4,"column":19}},"4":{"start":{"line":5,"column":0},"end":{"line":5,"column":31}},"5":{"start":{"line":6,"column":0},"end":{"line":6,"column":19}},"6":{"start":{"line":7,"column":0},"end":{"line":7,"column":3}},"7":{"start":{"line":8,"column":0},"end":{"line":8,"column":1}},"8":{"start":{"line":9,"column":0},"end":{"line":9,"column":0}},"9":{"start":{"line":10,"column":0},"end":{"line":10,"column":30}}},"s":{"0":1,"1":1,"2":0,"3":0,"4":0,"5":0,"6":0,"7":1,"8":1,"9":1},"branchMap":{},"b":{},"fnMap":{"0":{"name":"CampoInvalido","decl":{"start":{"line":2,"column":2},"end":{"line":7,"column":3}},"loc":{"start":{"line":2,"column":2},"end":{"line":7,"column":3}},"line":2}},"f":{"0":0}}
,"/mnt/c/Users/D1/Estudo/2041-nodedeploy/petshop/api/erros/DadosNaoFornecidos.js": {"path":"/mnt/c/Users/D1/Estudo/2041-nodedeploy/petshop/api/erros/DadosNaoFornecidos.js","all":false,"statementMap":{"0":{"start":{"line":1,"column":0},"end":{"line":1,"column":40}},"1":{"start":{"line":2,"column":0},"end":{"line":2,"column":18}},"2":{"start":{"line":3,"column":0},"end":{"line":3,"column":55}},"3":{"start":{"line":4,"column":0},"end":{"line":4,"column":36}},"4":{"start":{"line":5,"column":0},"end":{"line":5,"column":19}},"5":{"start":{"line":6,"column":0},"end":{"line":6,"column":3}},"6":{"start":{"line":7,"column":0},"end":{"line":7,"column":1}},"7":{"start":{"line":8,"column":0},"end":{"line":8,"column":0}},"8":{"start":{"line":9,"column":0},"end":{"line":9,"column":35}}},"s":{"0":1,"1":1,"2":0,"3":0,"4":0,"5":0,"6":1,"7":1,"8":1},"branchMap":{},"b":{},"fnMap":{"0":{"name":"DadosNaoFornecidos","decl":{"start":{"line":2,"column":2},"end":{"line":6,"column":3}},"loc":{"start":{"line":2,"column":2},"end":{"line":6,"column":3}},"line":2}},"f":{"0":0}}
,"/mnt/c/Users/D1/Estudo/2041-nodedeploy/petshop/api/rotas/fornecedores/Fornecedor.js": {"path":"/mnt/c/Users/D1/Estudo/2041-nodedeploy/petshop/api/rotas/fornecedores/Fornecedor.js","all":false,"statementMap":{"0":{"start":{"line":1,"column":0},"end":{"line":1,"column":54}},"1":{"start":{"line":2,"column":0},"end":{"line":2,"column":58}},"2":{"start":{"line":3,"column":0},"end":{"line":3,"column":68}},"3":{"start":{"line":4,"column":0},"end":{"line":4,"column":0}},"4":{"start":{"line":5,"column":0},"end":{"line":5,"column":18}},"5":{"start":{"line":6,"column":0},"end":{"line":6,"column":89}},"6":{"start":{"line":7,"column":0},"end":{"line":7,"column":16}},"7":{"start":{"line":8,"column":0},"end":{"line":8,"column":26}},"8":{"start":{"line":9,"column":0},"end":{"line":9,"column":22}},"9":{"start":{"line":10,"column":0},"end":{"line":10,"column":30}},"10":{"start":{"line":11,"column":0},"end":{"line":11,"column":34}},"11":{"start":{"line":12,"column":0},"end":{"line":12,"column":42}},"12":{"start":{"line":13,"column":0},"end":{"line":13,"column":24}},"13":{"start":{"line":14,"column":0},"end":{"line":14,"column":3}},"14":{"start":{"line":15,"column":0},"end":{"line":15,"column":0}},"15":{"start":{"line":16,"column":0},"end":{"line":16,"column":18}},"16":{"start":{"line":17,"column":0},"end":{"line":17,"column":18}},"17":{"start":{"line":18,"column":0},"end":{"line":18,"column":54}},"18":{"start":{"line":19,"column":0},"end":{"line":19,"column":28}},"19":{"start":{"line":20,"column":0},"end":{"line":20,"column":24}},"20":{"start":{"line":21,"column":0},"end":{"line":21,"column":31}},"21":{"start":{"line":22,"column":0},"end":{"line":22,"column":6}},"22":{"start":{"line":23,"column":0},"end":{"line":23,"column":0}},"23":{"start":{"line":24,"column":0},"end":{"line":24,"column":26}},"24":{"start":{"line":25,"column":0},"end":{"line":25,"column":44}},"25":{"start":{"line":26,"column":0},"end":{"line":26,"column":52}},"26":{"start":{"line":27,"column":0},"end":{"line":27,"column":34}},"27":{"start":{"line":28,"column":0},"end":{"line":28,"column":3}},"28":{"start":{"line":29,"column":0},"end":{"line":29,"column":0}},"29":{"start":{"line":30,"column":0},"end":{"line":30,"column":21}},"30":{"start":{"line":31,"column":0},"end":{"line":31,"column":65}},"31":{"start":{"line":32,"column":0},"end":{"line":32,"column":37}},"32":{"start":{"line":33,"column":0},"end":{"line":33,"column":33}},"33":{"start":{"line":34,"column":0},"end":{"line":34,"column":41}},"34":{"start":{"line":35,"column":0},"end":{"line":35,"column":45}},"35":{"start":{"line":36,"column":0},"end":{"line":36,"column":53}},"36":{"start":{"line":37,"column":0},"end":{"line":37,"column":35}},"37":{"start":{"line":38,"column":0},"end":{"line":38,"column":3}},"38":{"start":{"line":39,"column":0},"end":{"line":39,"column":0}},"39":{"start":{"line":40,"column":0},"end":{"line":40,"column":22}},"40":{"start":{"line":41,"column":0},"end":{"line":41,"column":46}},"41":{"start":{"line":42,"column":0},"end":{"line":42,"column":52}},"42":{"start":{"line":43,"column":0},"end":{"line":43,"column":33}},"43":{"start":{"line":44,"column":0},"end":{"line":44,"column":0}},"44":{"start":{"line":45,"column":0},"end":{"line":45,"column":31}},"45":{"start":{"line":46,"column":0},"end":{"line":46,"column":31}},"46":{"start":{"line":47,"column":0},"end":{"line":47,"column":0}},"47":{"start":{"line":48,"column":0},"end":{"line":48,"column":58}},"48":{"start":{"line":49,"column":0},"end":{"line":49,"column":41}},"49":{"start":{"line":50,"column":0},"end":{"line":50,"column":7}},"50":{"start":{"line":51,"column":0},"end":{"line":51,"column":6}},"51":{"start":{"line":52,"column":0},"end":{"line":52,"column":0}},"52":{"start":{"line":53,"column":0},"end":{"line":53,"column":55}},"53":{"start":{"line":54,"column":0},"end":{"line":54,"column":36}},"54":{"start":{"line":55,"column":0},"end":{"line":55,"column":5}},"55":{"start":{"line":56,"column":0},"end":{"line":56,"column":0}},"56":{"start":{"line":57,"column":0},"end":{"line":57,"column":65}},"57":{"start":{"line":58,"column":0},"end":{"line":58,"column":3}},"58":{"start":{"line":59,"column":0},"end":{"line":59,"column":0}},"59":{"start":{"line":60,"column":0},"end":{"line":60,"column":14}},"60":{"start":{"line":61,"column":0},"end":{"line":61,"column":44}},"61":{"start":{"line":62,"column":0},"end":{"line":62,"column":3}},"62":{"start":{"line":63,"column":0},"end":{"line":63,"column":0}},"63":{"start":{"line":64,"column":0},"end":{"line":64,"column":14}},"64":{"start":{"line":65,"column":0},"end":{"line":65,"column":52}},"65":{"start":{"line":66,"column":0},"end":{"line":66,"column":0}},"66":{"start":{"line":67,"column":0},"end":{"line":67,"column":29}},"67":{"start":{"line":68,"column":0},"end":{"line":68,"column":31}},"68":{"start":{"line":69,"column":0},"end":{"line":69,"column":0}},"69":{"start":{"line":70,"column":0},"end":{"line":70,"column":60}},"70":{"start":{"line":71,"column":0},"end":{"line":71,"column":38}},"71":{"start":{"line":72,"column":0},"end":{"line":72,"column":7}},"72":{"start":{"line":73,"column":0},"end":{"line":73,"column":6}},"73":{"start":{"line":74,"column":0},"end":{"line":74,"column":0}},"74":{"start":{"line":75,"column":0},"end":{"line":75,"column":15}},"75":{"start":{"line":76,"column":0},"end":{"line":76,"column":3}},"76":{"start":{"line":77,"column":0},"end":{"line":77,"column":1}},"77":{"start":{"line":78,"column":0},"end":{"line":78,"column":0}},"78":{"start":{"line":79,"column":0},"end":{"line":79,"column":27}}},"s":{"0":1,"1":1,"2":1,"3":1,"4":1,"5":1,"6":2,"7":2,"8":2,"9":2,"10":2,"11":2,"12":2,"13":2,"14":1,"15":1,"16":1,"17":1,"18":1,"19":1,"20":1,"21":1,"22":1,"23":1,"24":1,"25":1,"26":1,"27":1,"28":1,"29":1,"30":0,"31":0,"32":0,"33":0,"34":0,"35":0,"36":0,"37":0,"38":1,"39":1,"40":0,"41":0,"42":0,"43":0,"44":0,"45":0,"46":0,"47":0,"48":0,"49":0,"50":0,"51":0,"52":0,"53":0,"54":0,"55":0,"56":0,"57":0,"58":1,"59":1,"60":0,"61":0,"62":1,"63":1,"64":2,"65":2,"66":2,"67":6,"68":6,"69":6,"70":0,"71":0,"72":6,"73":2,"74":2,"75":2,"76":1,"77":1,"78":1},"branchMap":{"0":{"type":"branch","line":6,"loc":{"start":{"line":6,"column":2},"end":{"line":14,"column":3}},"locations":[{"start":{"line":6,"column":2},"end":{"line":14,"column":3}}]},"1":{"type":"branch","line":16,"loc":{"start":{"line":16,"column":13},"end":{"line":28,"column":3}},"locations":[{"start":{"line":16,"column":13},"end":{"line":28,"column":3}}]},"2":{"type":"branch","line":64,"loc":{"start":{"line":64,"column":2},"end":{"line":76,"column":3}},"locations":[{"start":{"line":64,"column":2},"end":{"line":76,"column":3}}]},"3":{"type":"branch","line":67,"loc":{"start":{"line":67,"column":19},"end":{"line":73,"column":6}},"locations":[{"start":{"line":67,"column":19},"end":{"line":73,"column":6}}]},"4":{"type":"branch","line":70,"loc":{"start":{"line":70,"column":59},"end":{"line":72,"column":7}},"locations":[{"start":{"line":70,"column":59},"end":{"line":72,"column":7}}]}},"b":{"0":[2],"1":[1],"2":[2],"3":[6],"4":[0]},"fnMap":{"0":{"name":"Fornecedor","decl":{"start":{"line":6,"column":2},"end":{"line":14,"column":3}},"loc":{"start":{"line":6,"column":2},"end":{"line":14,"column":3}},"line":6},"1":{"name":"criar","decl":{"start":{"line":16,"column":13},"end":{"line":28,"column":3}},"loc":{"start":{"line":16,"column":13},"end":{"line":28,"column":3}},"line":16},"2":{"name":"carregar","decl":{"start":{"line":30,"column":16},"end":{"line":38,"column":3}},"loc":{"start":{"line":30,"column":16},"end":{"line":38,"column":3}},"line":30},"3":{"name":"atualizar","decl":{"start":{"line":40,"column":17},"end":{"line":58,"column":3}},"loc":{"start":{"line":40,"column":17},"end":{"line":58,"column":3}},"line":40},"4":{"name":"remover","decl":{"start":{"line":60,"column":2},"end":{"line":62,"column":3}},"loc":{"start":{"line":60,"column":2},"end":{"line":62,"column":3}},"line":60},"5":{"name":"validar","decl":{"start":{"line":64,"column":2},"end":{"line":76,"column":3}},"loc":{"start":{"line":64,"column":2},"end":{"line":76,"column":3}},"line":64}},"f":{"0":2,"1":1,"2":0,"3":0,"4":0,"5":2}}
}
