TN:
SF:api/erros/CampoInvalido.js
FN:2,CampoInvalido
FNF:1
FNH:0
FNDA:0,CampoInvalido
DA:1,1
DA:2,1
DA:3,0
DA:4,0
DA:5,0
DA:6,0
DA:7,0
DA:8,1
DA:9,1
DA:10,1
LF:10
LH:5
BRF:0
BRH:0
end_of_record
TN:
SF:api/erros/DadosNaoFornecidos.js
FN:2,DadosNaoFornecidos
FNF:1
FNH:0
FNDA:0,DadosNaoFornecidos
DA:1,1
DA:2,1
DA:3,0
DA:4,0
DA:5,0
DA:6,0
DA:7,1
DA:8,1
DA:9,1
LF:9
LH:5
BRF:0
BRH:0
end_of_record
TN:
SF:api/rotas/fornecedores/Fornecedor.js
FN:6,Fornecedor
FN:16,criar
FN:30,carregar
FN:40,atualizar
FN:60,remover
FN:64,validar
FNF:6
FNH:3
FNDA:2,Fornecedor
FNDA:1,criar
FNDA:0,carregar
FNDA:0,atualizar
FNDA:0,remover
FNDA:2,validar
DA:1,1
DA:2,1
DA:3,1
DA:4,1
DA:5,1
DA:6,1
DA:7,2
DA:8,2
DA:9,2
DA:10,2
DA:11,2
DA:12,2
DA:13,2
DA:14,2
DA:15,1
DA:16,1
DA:17,1
DA:18,1
DA:19,1
DA:20,1
DA:21,1
DA:22,1
DA:23,1
DA:24,1
DA:25,1
DA:26,1
DA:27,1
DA:28,1
DA:29,1
DA:30,1
DA:31,0
DA:32,0
DA:33,0
DA:34,0
DA:35,0
DA:36,0
DA:37,0
DA:38,0
DA:39,1
DA:40,1
DA:41,0
DA:42,0
DA:43,0
DA:44,0
DA:45,0
DA:46,0
DA:47,0
DA:48,0
DA:49,0
DA:50,0
DA:51,0
DA:52,0
DA:53,0
DA:54,0
DA:55,0
DA:56,0
DA:57,0
DA:58,0
DA:59,1
DA:60,1
DA:61,0
DA:62,0
DA:63,1
DA:64,1
DA:65,2
DA:66,2
DA:67,2
DA:68,6
DA:69,6
DA:70,6
DA:71,0
DA:72,0
DA:73,6
DA:74,2
DA:75,2
DA:76,2
DA:77,1
DA:78,1
DA:79,1
LF:79
LH:49
BRDA:6,0,0,2
BRDA:16,1,0,1
BRDA:64,2,0,2
BRDA:67,3,0,6
BRDA:70,4,0,0
BRF:5
BRH:4
end_of_record
